Analysis & Synthesis report for L2C010
Sun Apr 05 14:14:31 2015
Quartus II Version 9.0 Build 235 06/17/2009 Service Pack 2 SJ Web Edition


---------------------
; Table of Contents ;
---------------------
  1. Legal Notice
  2. Analysis & Synthesis Summary
  3. Analysis & Synthesis Settings
  4. Analysis & Synthesis Source Files Read
  5. Analysis & Synthesis Resource Usage Summary
  6. Analysis & Synthesis Resource Utilization by Entity
  7. Logic Cells Representing Combinational Loops
  8. Registers Removed During Synthesis
  9. Removed Registers Triggering Further Register Optimizations
 10. General Register Statistics
 11. Inverted Register Statistics
 12. Multiplexer Restructuring Statistics (Restructuring Performed)
 13. Parameter Settings for User Entity Instance: Top-level Entity: |L2C010
 14. Analysis & Synthesis Messages
 15. Analysis & Synthesis Suppressed Messages



----------------
; Legal Notice ;
----------------
Copyright (C) 1991-2009 Altera Corporation
Your use of Altera Corporation's design tools, logic functions 
and other software and tools, and its AMPP partner logic 
functions, and any output files from any of the foregoing 
(including device programming or simulation files), and any 
associated documentation or information are expressly subject 
to the terms and conditions of the Altera Program License 
Subscription Agreement, Altera MegaCore Function License 
Agreement, or other applicable license agreement, including, 
without limitation, that your use is for the sole purpose of 
programming logic devices manufactured by Altera and sold by 
Altera or its authorized distributors.  Please refer to the 
applicable agreement for further details.



+-----------------------------------------------------------------------------------+
; Analysis & Synthesis Summary                                                      ;
+------------------------------------+----------------------------------------------+
; Analysis & Synthesis Status        ; Successful - Sun Apr 05 14:14:31 2015        ;
; Quartus II Version                 ; 9.0 Build 235 06/17/2009 SP 2 SJ Web Edition ;
; Revision Name                      ; L2C010                                       ;
; Top-level Entity Name              ; L2C010                                       ;
; Family                             ; Cyclone II                                   ;
; Total logic elements               ; 642                                          ;
;     Total combinational functions  ; 642                                          ;
;     Dedicated logic registers      ; 220                                          ;
; Total registers                    ; 220                                          ;
; Total pins                         ; 61                                           ;
; Total virtual pins                 ; 0                                            ;
; Total memory bits                  ; 0                                            ;
; Embedded Multiplier 9-bit elements ; 0                                            ;
; Total PLLs                         ; 0                                            ;
+------------------------------------+----------------------------------------------+


+--------------------------------------------------------------------------------------------------------+
; Analysis & Synthesis Settings                                                                          ;
+--------------------------------------------------------------+--------------------+--------------------+
; Option                                                       ; Setting            ; Default Value      ;
+--------------------------------------------------------------+--------------------+--------------------+
; Device                                                       ; EP2C20F484C7       ;                    ;
; Top-level entity name                                        ; L2C010             ; L2C010             ;
; Family name                                                  ; Cyclone II         ; Cyclone IV GX      ;
; Use Generated Physical Constraints File                      ; Off                ;                    ;
; Timing-Driven Synthesis                                      ; Off                ; On                 ;
; Synchronization Register Chain Length                        ; 2                  ; 3                  ;
; Use smart compilation                                        ; Off                ; Off                ;
; Restructure Multiplexers                                     ; Auto               ; Auto               ;
; Create Debugging Nodes for IP Cores                          ; Off                ; Off                ;
; Preserve fewer node names                                    ; On                 ; On                 ;
; Disable OpenCore Plus hardware evaluation                    ; Off                ; Off                ;
; Verilog Version                                              ; Verilog_2001       ; Verilog_2001       ;
; VHDL Version                                                 ; VHDL93             ; VHDL93             ;
; State Machine Processing                                     ; Auto               ; Auto               ;
; Safe State Machine                                           ; Off                ; Off                ;
; Extract Verilog State Machines                               ; On                 ; On                 ;
; Extract VHDL State Machines                                  ; On                 ; On                 ;
; Ignore Verilog initial constructs                            ; Off                ; Off                ;
; Iteration limit for constant Verilog loops                   ; 5000               ; 5000               ;
; Iteration limit for non-constant Verilog loops               ; 250                ; 250                ;
; Add Pass-Through Logic to Inferred RAMs                      ; On                 ; On                 ;
; Parallel Synthesis                                           ; Off                ; Off                ;
; DSP Block Balancing                                          ; Auto               ; Auto               ;
; NOT Gate Push-Back                                           ; On                 ; On                 ;
; Power-Up Don't Care                                          ; On                 ; On                 ;
; Remove Redundant Logic Cells                                 ; Off                ; Off                ;
; Remove Duplicate Registers                                   ; On                 ; On                 ;
; Ignore CARRY Buffers                                         ; Off                ; Off                ;
; Ignore CASCADE Buffers                                       ; Off                ; Off                ;
; Ignore GLOBAL Buffers                                        ; Off                ; Off                ;
; Ignore ROW GLOBAL Buffers                                    ; Off                ; Off                ;
; Ignore LCELL Buffers                                         ; Off                ; Off                ;
; Ignore SOFT Buffers                                          ; On                 ; On                 ;
; Limit AHDL Integers to 32 Bits                               ; Off                ; Off                ;
; Optimization Technique                                       ; Balanced           ; Balanced           ;
; Carry Chain Length                                           ; 70                 ; 70                 ;
; Auto Carry Chains                                            ; On                 ; On                 ;
; Auto Open-Drain Pins                                         ; On                 ; On                 ;
; Perform WYSIWYG Primitive Resynthesis                        ; Off                ; Off                ;
; Auto ROM Replacement                                         ; On                 ; On                 ;
; Auto RAM Replacement                                         ; On                 ; On                 ;
; Auto Shift Register Replacement                              ; Auto               ; Auto               ;
; Auto Clock Enable Replacement                                ; On                 ; On                 ;
; Strict RAM Replacement                                       ; Off                ; Off                ;
; Allow Synchronous Control Signals                            ; On                 ; On                 ;
; Force Use of Synchronous Clear Signals                       ; Off                ; Off                ;
; Auto RAM to Logic Cell Conversion                            ; Off                ; Off                ;
; Auto Resource Sharing                                        ; Off                ; Off                ;
; Allow Any RAM Size For Recognition                           ; Off                ; Off                ;
; Allow Any ROM Size For Recognition                           ; Off                ; Off                ;
; Allow Any Shift Register Size For Recognition                ; Off                ; Off                ;
; Use LogicLock Constraints during Resource Balancing          ; On                 ; On                 ;
; Ignore translate_off and synthesis_off directives            ; Off                ; Off                ;
; Show Parameter Settings Tables in Synthesis Report           ; On                 ; On                 ;
; Ignore Maximum Fan-Out Assignments                           ; Off                ; Off                ;
; PowerPlay Power Optimization                                 ; Normal compilation ; Normal compilation ;
; HDL message level                                            ; Level2             ; Level2             ;
; Suppress Register Optimization Related Messages              ; Off                ; Off                ;
; Number of Removed Registers Reported in Synthesis Report     ; 5000               ; 5000               ;
; Number of Inverted Registers Reported in Synthesis Report    ; 100                ; 100                ;
; Clock MUX Protection                                         ; On                 ; On                 ;
; Auto Gated Clock Conversion                                  ; Off                ; Off                ;
; Block Design Naming                                          ; Auto               ; Auto               ;
; SDC constraint protection                                    ; Off                ; Off                ;
; Synthesis Effort                                             ; Auto               ; Auto               ;
; Shift Register Replacement - Allow Asynchronous Clear Signal ; On                 ; On                 ;
; Analysis & Synthesis Message Level                           ; Medium             ; Medium             ;
+--------------------------------------------------------------+--------------------+--------------------+


+-------------------------------------------------------------------------------------------------------------------------------------+
; Analysis & Synthesis Source Files Read                                                                                              ;
+----------------------------------+-----------------+------------------------+-------------------------------------------------------+
; File Name with User-Entered Path ; Used in Netlist ; File Type              ; File Name with Absolute Path                          ;
+----------------------------------+-----------------+------------------------+-------------------------------------------------------+
; L2C010.v                         ; yes             ; User Verilog HDL File  ; C:/Users/Jesse/Desktop/All ECE/CSE140/L2C010/L2C010.v ;
+----------------------------------+-----------------+------------------------+-------------------------------------------------------+


+-----------------------------------------------------+
; Analysis & Synthesis Resource Usage Summary         ;
+---------------------------------------------+-------+
; Resource                                    ; Usage ;
+---------------------------------------------+-------+
; Estimated Total logic elements              ; 642   ;
;                                             ;       ;
; Total combinational functions               ; 642   ;
; Logic element usage by number of LUT inputs ;       ;
;     -- 4 input functions                    ; 310   ;
;     -- 3 input functions                    ; 102   ;
;     -- <=2 input functions                  ; 230   ;
;                                             ;       ;
; Logic elements by mode                      ;       ;
;     -- normal mode                          ; 484   ;
;     -- arithmetic mode                      ; 158   ;
;                                             ;       ;
; Total registers                             ; 220   ;
;     -- Dedicated logic registers            ; 220   ;
;     -- I/O registers                        ; 0     ;
;                                             ;       ;
; I/O pins                                    ; 61    ;
; Maximum fan-out node                        ; clock ;
; Maximum fan-out                             ; 179   ;
; Total fan-out                               ; 2701  ;
; Average fan-out                             ; 2.93  ;
+---------------------------------------------+-------+


+-----------------------------------------------------------------------------------------------------------------------------------------------------------------------------+
; Analysis & Synthesis Resource Utilization by Entity                                                                                                                         ;
+----------------------------+-------------------+--------------+-------------+--------------+---------+-----------+------+--------------+---------------------+--------------+
; Compilation Hierarchy Node ; LC Combinationals ; LC Registers ; Memory Bits ; DSP Elements ; DSP 9x9 ; DSP 18x18 ; Pins ; Virtual Pins ; Full Hierarchy Name ; Library Name ;
+----------------------------+-------------------+--------------+-------------+--------------+---------+-----------+------+--------------+---------------------+--------------+
; |L2C010                    ; 642 (642)         ; 220 (220)    ; 0           ; 0            ; 0       ; 0         ; 61   ; 0            ; |L2C010             ; work         ;
+----------------------------+-------------------+--------------+-------------+--------------+---------+-----------+------+--------------+---------------------+--------------+
Note: For table entries with two numbers listed, the numbers in parentheses indicate the number of resources of the given type used by the specific entity alone. The numbers listed outside of parentheses indicate the total resources of the given type used by the specific entity and all of its sub-entities in the hierarchy.


+-------------------------------------------------------------+
; Logic Cells Representing Combinational Loops                ;
+--------------------------------------------------------+----+
; Logic Cell Name                                        ;    ;
+--------------------------------------------------------+----+
; hex3[2]~65                                             ;    ;
; hex3[6]~66                                             ;    ;
; hex2[0]~112                                            ;    ;
; hex2[2]~113                                            ;    ;
; hex2[3]~114                                            ;    ;
; hex2[4]~115                                            ;    ;
; hex2[5]~116                                            ;    ;
; hex2[6]~117                                            ;    ;
; hex1[0]~69                                             ;    ;
; hex1[2]~70                                             ;    ;
; hex1[3]~71                                             ;    ;
; hex1[4]~72                                             ;    ;
; hex1[5]~73                                             ;    ;
; hex1[6]~74                                             ;    ;
; Number of logic cells representing combinational loops ; 14 ;
+--------------------------------------------------------+----+
Note: All cells listed above may not be present at the end of synthesis due to various synthesis optimizations.


+--------------------------------------------------------------------------------+
; Registers Removed During Synthesis                                             ;
+---------------------------------------+----------------------------------------+
; Register name                         ; Reason for Removal                     ;
+---------------------------------------+----------------------------------------+
; keyCount[4..5]                        ; Stuck at GND due to stuck port data_in ;
; Total Number of Removed Registers = 2 ;                                        ;
+---------------------------------------+----------------------------------------+


+------------------------------------------------------------------------------------+
; Removed Registers Triggering Further Register Optimizations                        ;
+---------------+---------------------------+----------------------------------------+
; Register name ; Reason for Removal        ; Registers Removed due to This Register ;
+---------------+---------------------------+----------------------------------------+
; keyCount[5]   ; Stuck at GND              ; keyCount[4]                            ;
;               ; due to stuck port data_in ;                                        ;
+---------------+---------------------------+----------------------------------------+


+------------------------------------------------------+
; General Register Statistics                          ;
+----------------------------------------------+-------+
; Statistic                                    ; Value ;
+----------------------------------------------+-------+
; Total registers                              ; 220   ;
; Number of registers using Synchronous Clear  ; 82    ;
; Number of registers using Synchronous Load   ; 15    ;
; Number of registers using Asynchronous Clear ; 0     ;
; Number of registers using Asynchronous Load  ; 0     ;
; Number of registers using Clock Enable       ; 110   ;
; Number of registers using Preset             ; 0     ;
+----------------------------------------------+-------+


+--------------------------------------------------+
; Inverted Register Statistics                     ;
+----------------------------------------+---------+
; Inverted Register                      ; Fan out ;
+----------------------------------------+---------+
; firstTime                              ; 2       ;
; start                                  ; 1       ;
; Total number of inverted registers = 2 ;         ;
+----------------------------------------+---------+


+------------------------------------------------------------------------------------------------------------------------------------------+
; Multiplexer Restructuring Statistics (Restructuring Performed)                                                                           ;
+--------------------+-----------+---------------+----------------------+------------------------+------------+----------------------------+
; Multiplexer Inputs ; Bus Width ; Baseline Area ; Area if Restructured ; Saving if Restructured ; Registered ; Example Multiplexer Output ;
+--------------------+-----------+---------------+----------------------+------------------------+------------+----------------------------+
; 3:1                ; 2 bits    ; 4 LEs         ; 2 LEs                ; 2 LEs                  ; Yes        ; |L2C010|count[1]           ;
; 3:1                ; 32 bits   ; 64 LEs        ; 32 LEs               ; 32 LEs                 ; Yes        ; |L2C010|LED_Select[17]     ;
; 3:1                ; 27 bits   ; 54 LEs        ; 27 LEs               ; 27 LEs                 ; Yes        ; |L2C010|hex2[4]~reg0       ;
; 4:1                ; 2 bits    ; 4 LEs         ; 2 LEs                ; 2 LEs                  ; Yes        ; |L2C010|count2[0]          ;
; 4:1                ; 32 bits   ; 64 LEs        ; 32 LEs               ; 32 LEs                 ; Yes        ; |L2C010|numSel[4]          ;
; 5:1                ; 2 bits    ; 6 LEs         ; 2 LEs                ; 4 LEs                  ; Yes        ; |L2C010|count3[0]          ;
; 7:1                ; 4 bits    ; 16 LEs        ; 16 LEs               ; 0 LEs                  ; Yes        ; |L2C010|keyCount[0]        ;
; 4:1                ; 6 bits    ; 12 LEs        ; 6 LEs                ; 6 LEs                  ; No         ; |L2C010|firstTime~2        ;
; 6:1                ; 6 bits    ; 24 LEs        ; 18 LEs               ; 6 LEs                  ; No         ; |L2C010|hex1~48            ;
; 6:1                ; 2 bits    ; 8 LEs         ; 8 LEs                ; 0 LEs                  ; No         ; |L2C010|hex3~46            ;
; 6:1                ; 4 bits    ; 16 LEs        ; 8 LEs                ; 8 LEs                  ; No         ; |L2C010|hex3~48            ;
; 14:1               ; 5 bits    ; 45 LEs        ; 45 LEs               ; 0 LEs                  ; No         ; |L2C010|hex0~45            ;
; 10:1               ; 6 bits    ; 36 LEs        ; 30 LEs               ; 6 LEs                  ; No         ; |L2C010|hex2~89            ;
+--------------------+-----------+---------------+----------------------+------------------------+------------+----------------------------+


+------------------------------------------------------------------------+
; Parameter Settings for User Entity Instance: Top-level Entity: |L2C010 ;
+----------------+----------+--------------------------------------------+
; Parameter Name ; Value    ; Type                                       ;
+----------------+----------+--------------------------------------------+
; COUNT_24M      ; 12000000 ; Signed Integer                             ;
; COUNT_LEDBLIP  ; 1335000  ; Signed Integer                             ;
+----------------+----------+--------------------------------------------+
Note: In order to hide this table in the UI and the text report file, please set the "Show Parameter Settings Tables in Synthesis Report" option in "Analysis and Synthesis Settings -> More Settings" to "Off".


+-------------------------------+
; Analysis & Synthesis Messages ;
+-------------------------------+
Info: *******************************************************************
Info: Running Quartus II Analysis & Synthesis
    Info: Version 9.0 Build 235 06/17/2009 Service Pack 2 SJ Web Edition
    Info: Processing started: Sun Apr 05 14:14:23 2015
Info: Command: quartus_map --read_settings_files=on --write_settings_files=off L2C010 -c L2C010
Info: Found 1 design units, including 1 entities, in source file L2C010.v
    Info: Found entity 1: L2C010
Info: Elaborating entity "L2C010" for the top level hierarchy
Warning (10036): Verilog HDL or VHDL warning at L2C010.v(18): object "toggle" assigned a value but never read
Warning (10036): Verilog HDL or VHDL warning at L2C010.v(21): object "first" assigned a value but never read
Warning (10036): Verilog HDL or VHDL warning at L2C010.v(22): object "fistScroll" assigned a value but never read
Warning (10036): Verilog HDL or VHDL warning at L2C010.v(23): object "increment" assigned a value but never read
Warning (10230): Verilog HDL assignment warning at L2C010.v(23): truncated value with size 4 to match size of target (1)
Warning (10230): Verilog HDL assignment warning at L2C010.v(72): truncated value with size 32 to match size of target (25)
Warning (10230): Verilog HDL assignment warning at L2C010.v(87): truncated value with size 32 to match size of target (25)
Warning (10230): Verilog HDL assignment warning at L2C010.v(133): truncated value with size 32 to match size of target (2)
Warning (10230): Verilog HDL assignment warning at L2C010.v(137): truncated value with size 32 to match size of target (2)
Warning (10230): Verilog HDL assignment warning at L2C010.v(141): truncated value with size 32 to match size of target (2)
Warning (10230): Verilog HDL assignment warning at L2C010.v(145): truncated value with size 32 to match size of target (2)
Warning (10230): Verilog HDL assignment warning at L2C010.v(250): truncated value with size 32 to match size of target (6)
Warning (10230): Verilog HDL assignment warning at L2C010.v(253): truncated value with size 32 to match size of target (6)
Warning (10776): Verilog HDL warning at L2C010.v(385): variable HEX in static task or function display may have unintended latch behavior
Warning (10230): Verilog HDL assignment warning at L2C010.v(259): truncated value with size 32 to match size of target (25)
Warning (10230): Verilog HDL assignment warning at L2C010.v(269): truncated value with size 32 to match size of target (25)
Warning (10762): Verilog HDL Case Statement warning at L2C010.v(307): can't check case statement for completeness because the case expression has too many possible states
Warning (10762): Verilog HDL Case Statement warning at L2C010.v(349): can't check case statement for completeness because the case expression has too many possible states
Warning (10030): Net "display.HEX[6]" at L2C010.v(385) has no driver or initial value, using a default initial value '0'
Warning (10030): Net "display.HEX[5]" at L2C010.v(385) has no driver or initial value, using a default initial value '0'
Warning (10030): Net "display.HEX[4]" at L2C010.v(385) has no driver or initial value, using a default initial value '0'
Warning (10030): Net "display.HEX[3]" at L2C010.v(385) has no driver or initial value, using a default initial value '0'
Warning (10030): Net "display.HEX[2]" at L2C010.v(385) has no driver or initial value, using a default initial value '0'
Warning (10030): Net "display.HEX[1]" at L2C010.v(385) has no driver or initial value, using a default initial value '0'
Warning (10030): Net "display.HEX[0]" at L2C010.v(385) has no driver or initial value, using a default initial value '0'
Warning (10034): Output port "ledg[7]" at L2C010.v(6) has no driver
Warning (10034): Output port "ledg[6]" at L2C010.v(6) has no driver
Warning (10034): Output port "ledg[5]" at L2C010.v(6) has no driver
Warning (10034): Output port "ledg[4]" at L2C010.v(6) has no driver
Warning (10034): Output port "ledg[3]" at L2C010.v(6) has no driver
Warning (10034): Output port "ledg[2]" at L2C010.v(6) has no driver
Warning (10034): Output port "ledg[1]" at L2C010.v(6) has no driver
Warning: Output pins are stuck at VCC or GND
    Warning (13410): Pin "ledg[1]" is stuck at GND
    Warning (13410): Pin "ledg[2]" is stuck at GND
    Warning (13410): Pin "ledg[3]" is stuck at GND
    Warning (13410): Pin "ledg[4]" is stuck at GND
    Warning (13410): Pin "ledg[5]" is stuck at GND
    Warning (13410): Pin "ledg[6]" is stuck at GND
    Warning (13410): Pin "ledg[7]" is stuck at GND
Info: Generated suppressed messages file C:/Users/Jesse/Desktop/All ECE/CSE140/L2C010/L2C010.map.smsg
Warning: Design contains 3 input pin(s) that do not drive logic
    Warning (15610): No output dependent on input pin "key[0]"
    Warning (15610): No output dependent on input pin "key[1]"
    Warning (15610): No output dependent on input pin "key[3]"
Info: Implemented 718 device resources after synthesis - the final resource count might be different
    Info: Implemented 15 input pins
    Info: Implemented 46 output pins
    Info: Implemented 657 logic cells
Info: Quartus II Analysis & Synthesis was successful. 0 errors, 44 warnings
    Info: Peak virtual memory: 224 megabytes
    Info: Processing ended: Sun Apr 05 14:14:31 2015
    Info: Elapsed time: 00:00:08
    Info: Total CPU time (on all processors): 00:00:06


+------------------------------------------+
; Analysis & Synthesis Suppressed Messages ;
+------------------------------------------+
The suppressed messages can be found in C:/Users/Jesse/Desktop/All ECE/CSE140/L2C010/L2C010.map.smsg.


